<?xml version="1.0" encoding="UTF-8"?>
<testng-results skipped="0" failed="0" total="0" passed="0">
  <reporter-output>
  </reporter-output>
  <suite name="com.javier.tutorials.AppTest" duration-ms="7" started-at="2017-03-11T18:02:00Z" finished-at="2017-03-11T18:02:00Z">
    <groups>
    </groups>
    <test name="Command line test" duration-ms="7" started-at="2017-03-11T18:02:00Z" finished-at="2017-03-11T18:02:00Z">
    </test> <!-- Command line test -->
  </suite> <!-- com.javier.tutorials.AppTest -->
</testng-results>
